This is e-pTeX, Version 3.141592653-p3.9.0-210218-2.6 (utf8.euc) (TeX Live 2021) (preloaded format=platex 2021.10.6)  2 DEC 2021 14:39
entering extended mode
 restricted \write18 enabled.
 file:line:error style messages enabled.
 %&-line parsing enabled.
**style.tex
(./style.tex
pLaTeX2e <2021-06-01>+2 (based on LaTeX2e <2021-06-01> patch level 1)
L3 programming layer <2021-08-27>

./style.tex:3: LaTeX Error: \usepackage before \documentclass.

See the LaTeX manual or LaTeX Companion for explanation.
Type  H <return>  for immediate help.
 ...                                              
                                                  
l.3 \usepackage[dvipdfmx]{
                          graphicx}
\usepackage may only appear in the document preamble, i.e.,
between \documentclass and \begin{document}.


./style.tex:4: LaTeX Error: \usepackage before \documentclass.

See the LaTeX manual or LaTeX Companion for explanation.
Type  H <return>  for immediate help.
 ...                                              
                                                  
l.4 \usepackage{
                wrapfig}
\usepackage may only appear in the document preamble, i.e.,
between \documentclass and \begin{document}.


./style.tex:5: LaTeX Error: \usepackage before \documentclass.

See the LaTeX manual or LaTeX Companion for explanation.
Type  H <return>  for immediate help.
 ...                                              
                                                  
l.5 \usepackage{
                bm}
\usepackage may only appear in the document preamble, i.e.,
between \documentclass and \begin{document}.


./style.tex:6: LaTeX Error: \usepackage before \documentclass.

See the LaTeX manual or LaTeX Companion for explanation.
Type  H <return>  for immediate help.
 ...                                              
                                                  
l.6 \usepackage{
                amsmath, amssymb}
\usepackage may only appear in the document preamble, i.e.,
between \documentclass and \begin{document}.


./style.tex:7: LaTeX Error: \usepackage before \documentclass.

See the LaTeX manual or LaTeX Companion for explanation.
Type  H <return>  for immediate help.
 ...                                              
                                                  
l.7 \usepackage{
                type1cm}
\usepackage may only appear in the document preamble, i.e.,
between \documentclass and \begin{document}.


./style.tex:8: LaTeX Error: \usepackage before \documentclass.

See the LaTeX manual or LaTeX Companion for explanation.
Type  H <return>  for immediate help.
 ...                                              
                                                  
l.8 \usepackage{
                docmute}
\usepackage may only appear in the document preamble, i.e.,
between \documentclass and \begin{document}.


./style.tex:9: LaTeX Error: Command \figurename undefined.

See the LaTeX manual or LaTeX Companion for explanation.
Type  H <return>  for immediate help.
 ...                                              
                                                  
l.9 \renewcommand{\figurename}
                              {Fig.}
Try typing  <return>  to proceed.
If that doesn't work, type  X <return>  to quit.


./style.tex:10: LaTeX Error: Command \tablename undefined.

See the LaTeX manual or LaTeX Companion for explanation.
Type  H <return>  for immediate help.
 ...                                              
                                                  
l.10 \renewcommand{\tablename}
                              {Table }
Try typing  <return>  to proceed.
If that doesn't work, type  X <return>  to quit.


./style.tex:11: LaTeX Error: \usepackage before \documentclass.

See the LaTeX manual or LaTeX Companion for explanation.
Type  H <return>  for immediate help.
 ...                                              
                                                  
l.11 \usepackage{
                 caption, subcaption}
\usepackage may only appear in the document preamble, i.e.,
between \documentclass and \begin{document}.


./style.tex:12: LaTeX Error: \usepackage before \documentclass.

See the LaTeX manual or LaTeX Companion for explanation.
Type  H <return>  for immediate help.
 ...                                              
                                                  
l.12 \usepackage{
                 comment}
\usepackage may only appear in the document preamble, i.e.,
between \documentclass and \begin{document}.

)
! Emergency stop.
<*> style.tex
             
*** (job aborted, no legal \end found)

 
Here is how much of TeX's memory you used:
 19 strings out of 479062
 340 string characters out of 5866374
 296868 words of memory out of 5000000
 18226 multiletter control sequences out of 15000+600000
 407301 words of font info for 44 fonts, out of 8000000 for 9000
 929 hyphenation exceptions out of 8191
 15i,0n,23p,75b,18s stack positions out of 5000i,500n,10000p,200000b,80000s
No pages of output.
